[2025-04-18 12:56:49 INFO] Starting ASCII Video Player v0.1.0
[2025-04-18 12:56:49 INFO] By: minhcrafters
[2025-04-18 12:56:49 INFO] Log file: \\?\D:\AI stuff\stuff\ascii-rs\latest.log
[2025-04-18 12:56:49 INFO] Video file selected: .\videos\o.mp4
[2025-04-18 12:56:49 INFO] Terminal size: 236x65
[2025-04-18 12:56:49 INFO] Running ffprobe for metadata...
[2025-04-18 12:56:49 DEBUG] ffprobe output: ["1920", "1080", "30/1", "367"]
[2025-04-18 12:56:49 INFO] Video Info: 1920x1080 @ 30.00fps, 367 frames, 12.23s
[2025-04-18 12:56:49 INFO] Extracting audio to data\o\o.wav...
[2025-04-18 12:56:49 INFO] Audio extracted successfully in 0.10s
[2025-04-18 12:56:49 INFO] No valid cache file found at data\o\ascii_frames_236-65.acsv, processing frames into RLE format...
[2025-04-18 12:56:49 INFO] Extracting frames to C:\Users\MICHAE~1\AppData\Local\Temp\ascii_frames_o1nTsGT...
[2025-04-18 12:56:52 DEBUG] FFmpeg frame extraction finished with status: exit code: 0
[2025-04-18 12:56:52 INFO] Frames extracted successfully in 3.53s
[2025-04-18 12:56:52 INFO] Processing 367 frames...
[2025-04-18 12:56:53 INFO] Frames processed in 0.78s
[2025-04-18 12:56:53 INFO] Saving 367 frames to cache: data\o\ascii_frames_236-65.acsv
[2025-04-18 12:56:54 DEBUG] Serialized frames size: 115675124 bytes
[2025-04-18 12:56:54 DEBUG] Computed checksum: [83, 34, 77, e0, f0, 98, d2, da, 6, 9d, 59, 94, 66, e7, 37, 4b, 73, 22, ee, a7, c3, e3, 4f, d5, b7, 5d, d, b4, 16, d8, dd, fd]
[2025-04-18 12:56:57 INFO] Saved frames data to data\o\ascii_frames_236-65.acsv successfully (took 3.58s)
[2025-04-18 12:56:57 INFO] Cleaning up temporary frame directory: C:\Users\MICHAE~1\AppData\Local\Temp\ascii_frames_o1nTsGT
[2025-04-18 12:56:57 INFO] Successfully cleaned up C:\Users\MICHAE~1\AppData\Local\Temp\ascii_frames_o1nTsGT
[2025-04-18 12:56:57 INFO] Prepared 367 frames for playback.
[2025-04-18 12:56:57 DEBUG] Got audio duration 12.288004s for data\o\o.wav
[2025-04-18 12:56:57 INFO] Sync Method: Using provided frame rate 30.000fps
[2025-04-18 12:56:57 DEBUG] Player initialized with 367 frames. Sync method: [Using provided frame rate 30.000fps]. Sync frame delay: 33.333335ms (0.033333s). Display duration: 12.288004s
[2025-04-18 12:56:57 INFO] Audio loaded from data\o\o.wav
[2025-04-18 12:56:57 INFO] Starting playback for 367 frames...
[2025-04-18 12:56:59 DEBUG] Audio sink playing.
[2025-04-18 12:56:59 DEBUG] Playback loop starting at: Instant { t: 8917.2070636s }
[2025-04-18 12:56:59 DEBUG] Metrics thread started.
[2025-04-18 12:57:00 DEBUG] Lag detected: 48.168135ms. Skipping 1 frame(s). (Current: 19, Next target: 21)
[2025-04-18 12:57:00 DEBUG] Lag detected: 34.356265ms. Skipping 1 frame(s). (Current: 21, Next target: 23)
[2025-04-18 12:57:00 DEBUG] Lag detected: 47.85296ms. Skipping 1 frame(s). (Current: 24, Next target: 26)
[2025-04-18 12:57:00 DEBUG] Lag detected: 38.57049ms. Skipping 1 frame(s). (Current: 26, Next target: 28)
[2025-04-18 12:57:00 DEBUG] Lag detected: 38.377285ms. Skipping 1 frame(s). (Current: 29, Next target: 31)
[2025-04-18 12:57:01 DEBUG] Lag detected: 46.747745ms. Skipping 1 frame(s). (Current: 33, Next target: 35)
[2025-04-18 12:57:01 DEBUG] Lag detected: 40.51424ms. Skipping 1 frame(s). (Current: 36, Next target: 38)
[2025-04-18 12:57:01 DEBUG] Lag detected: 38.827635ms. Skipping 1 frame(s). (Current: 39, Next target: 41)
[2025-04-18 12:57:01 DEBUG] Lag detected: 37.62363ms. Skipping 1 frame(s). (Current: 42, Next target: 44)
[2025-04-18 12:57:01 DEBUG] Lag detected: 37.576725ms. Skipping 1 frame(s). (Current: 45, Next target: 47)
[2025-04-18 12:57:01 DEBUG] Lag detected: 36.438985ms. Skipping 1 frame(s). (Current: 49, Next target: 51)
[2025-04-18 12:57:01 DEBUG] Lag detected: 42.67221ms. Skipping 1 frame(s). (Current: 54, Next target: 56)
[2025-04-18 12:57:01 DEBUG] Lag detected: 36.11927ms. Skipping 1 frame(s). (Current: 58, Next target: 60)
[2025-04-18 12:57:02 DEBUG] Lag detected: 36.891925ms. Skipping 1 frame(s). (Current: 65, Next target: 67)
[2025-04-18 12:57:02 DEBUG] Lag detected: 44.581615ms. Skipping 1 frame(s). (Current: 71, Next target: 73)
[2025-04-18 12:57:02 DEBUG] Lag detected: 37.92041ms. Skipping 1 frame(s). (Current: 74, Next target: 76)
[2025-04-18 12:57:02 DEBUG] Lag detected: 35.370895ms. Skipping 1 frame(s). (Current: 83, Next target: 85)
[2025-04-18 12:57:03 DEBUG] Lag detected: 33.698975ms. Skipping 1 frame(s). (Current: 95, Next target: 97)
[2025-04-18 12:57:05 DEBUG] Lag detected: 51.930475ms. Skipping 1 frame(s). (Current: 155, Next target: 157)
[2025-04-18 12:57:05 DEBUG] Lag detected: 39.158135ms. Skipping 1 frame(s). (Current: 159, Next target: 161)
[2025-04-18 12:57:05 DEBUG] Lag detected: 39.332295ms. Skipping 1 frame(s). (Current: 163, Next target: 165)
[2025-04-18 12:57:05 DEBUG] Lag detected: 45.48772ms. Skipping 1 frame(s). (Current: 168, Next target: 170)
[2025-04-18 12:57:05 DEBUG] Lag detected: 48.313145ms. Skipping 1 frame(s). (Current: 173, Next target: 175)
[2025-04-18 12:57:05 DEBUG] Lag detected: 55.44874ms. Skipping 1 frame(s). (Current: 176, Next target: 178)
[2025-04-18 12:57:05 DEBUG] Lag detected: 42.11687ms. Skipping 1 frame(s). (Current: 178, Next target: 180)
[2025-04-18 12:57:06 DEBUG] Lag detected: 35.404485ms. Skipping 1 frame(s). (Current: 189, Next target: 191)
[2025-04-18 12:57:06 DEBUG] Lag detected: 38.284145ms. Skipping 1 frame(s). (Current: 193, Next target: 195)
[2025-04-18 12:57:06 DEBUG] Lag detected: 42.81344ms. Skipping 1 frame(s). (Current: 196, Next target: 198)
[2025-04-18 12:57:06 DEBUG] Lag detected: 46.359835ms. Skipping 1 frame(s). (Current: 199, Next target: 201)
[2025-04-18 12:57:06 DEBUG] Lag detected: 33.387065ms. Skipping 1 frame(s). (Current: 201, Next target: 203)
[2025-04-18 12:57:06 DEBUG] Lag detected: 39.56056ms. Skipping 1 frame(s). (Current: 204, Next target: 206)
[2025-04-18 12:57:06 DEBUG] Lag detected: 46.005155ms. Skipping 1 frame(s). (Current: 207, Next target: 209)
[2025-04-18 12:57:06 DEBUG] Lag detected: 45.76675ms. Skipping 1 frame(s). (Current: 210, Next target: 212)
[2025-04-18 12:57:07 DEBUG] Lag detected: 47.783675ms. Skipping 1 frame(s). (Current: 215, Next target: 217)
[2025-04-18 12:57:07 DEBUG] Lag detected: 37.11097ms. Skipping 1 frame(s). (Current: 218, Next target: 220)
[2025-04-18 12:57:07 DEBUG] Lag detected: 44.45153ms. Skipping 1 frame(s). (Current: 222, Next target: 224)
[2025-04-18 12:57:07 DEBUG] Lag detected: 50.196225ms. Skipping 1 frame(s). (Current: 225, Next target: 227)
[2025-04-18 12:57:07 DEBUG] Lag detected: 46.297755ms. Skipping 1 frame(s). (Current: 227, Next target: 229)
[2025-04-18 12:57:07 DEBUG] Lag detected: 56.922885ms. Skipping 1 frame(s). (Current: 229, Next target: 231)
[2025-04-18 12:57:07 DEBUG] Lag detected: 60.168515ms. Skipping 1 frame(s). (Current: 231, Next target: 233)
[2025-04-18 12:57:07 DEBUG] Lag detected: 63.014345ms. Skipping 1 frame(s). (Current: 233, Next target: 235)
[2025-04-18 12:57:07 DEBUG] Lag detected: 67.328675ms. Skipping 2 frame(s). (Current: 235, Next target: 238)
[2025-04-18 12:57:07 DEBUG] Lag detected: 54.072535ms. Skipping 1 frame(s). (Current: 239, Next target: 241)
[2025-04-18 12:57:07 DEBUG] Lag detected: 48.644965ms. Skipping 1 frame(s). (Current: 241, Next target: 243)
[2025-04-18 12:57:08 DEBUG] Lag detected: 63.06816ms. Skipping 1 frame(s). (Current: 244, Next target: 246)
[2025-04-18 12:57:08 DEBUG] Lag detected: 61.36109ms. Skipping 1 frame(s). (Current: 246, Next target: 248)
[2025-04-18 12:57:08 DEBUG] Lag detected: 50.99232ms. Skipping 1 frame(s). (Current: 248, Next target: 250)
[2025-04-18 12:57:08 DEBUG] Lag detected: 43.44125ms. Skipping 1 frame(s). (Current: 250, Next target: 252)
[2025-04-18 12:57:08 DEBUG] Lag detected: 37.87198ms. Skipping 1 frame(s). (Current: 252, Next target: 254)
[2025-04-18 12:57:08 DEBUG] Lag detected: 36.45511ms. Skipping 1 frame(s). (Current: 254, Next target: 256)
[2025-04-18 12:57:08 DEBUG] Lag detected: 35.26254ms. Skipping 1 frame(s). (Current: 256, Next target: 258)
[2025-04-18 12:57:08 DEBUG] Lag detected: 59.215735ms. Skipping 1 frame(s). (Current: 259, Next target: 261)
[2025-04-18 12:57:08 DEBUG] Lag detected: 43.484065ms. Skipping 1 frame(s). (Current: 261, Next target: 263)
[2025-04-18 12:57:08 DEBUG] Lag detected: 44.23716ms. Skipping 1 frame(s). (Current: 264, Next target: 266)
[2025-04-18 12:57:08 DEBUG] Lag detected: 54.896055ms. Skipping 1 frame(s). (Current: 267, Next target: 269)
[2025-04-18 12:57:08 DEBUG] Lag detected: 42.484385ms. Skipping 1 frame(s). (Current: 269, Next target: 271)
[2025-04-18 12:57:09 DEBUG] Lag detected: 45.16348ms. Skipping 1 frame(s). (Current: 272, Next target: 274)
[2025-04-18 12:57:09 DEBUG] Lag detected: 44.714575ms. Skipping 1 frame(s). (Current: 275, Next target: 277)
[2025-04-18 12:57:09 DEBUG] Lag detected: 34.545305ms. Skipping 1 frame(s). (Current: 277, Next target: 279)
[2025-04-18 12:57:09 DEBUG] Lag detected: 35.230935ms. Skipping 1 frame(s). (Current: 279, Next target: 281)
[2025-04-18 12:57:09 DEBUG] Lag detected: 33.987765ms. Skipping 1 frame(s). (Current: 281, Next target: 283)
[2025-04-18 12:57:09 DEBUG] Lag detected: 46.71766ms. Skipping 1 frame(s). (Current: 284, Next target: 286)
[2025-04-18 12:57:09 DEBUG] Lag detected: 46.32799ms. Skipping 1 frame(s). (Current: 286, Next target: 288)
[2025-04-18 12:57:09 DEBUG] Lag detected: 35.98042ms. Skipping 1 frame(s). (Current: 288, Next target: 290)
[2025-04-18 12:57:09 DEBUG] Lag detected: 55.360915ms. Skipping 1 frame(s). (Current: 291, Next target: 293)
[2025-04-18 12:57:09 DEBUG] Lag detected: 41.450945ms. Skipping 1 frame(s). (Current: 293, Next target: 295)
[2025-04-18 12:57:09 DEBUG] Lag detected: 51.32734ms. Skipping 1 frame(s). (Current: 296, Next target: 298)
[2025-04-18 12:57:09 DEBUG] Lag detected: 39.96307ms. Skipping 1 frame(s). (Current: 298, Next target: 300)
[2025-04-18 12:57:10 DEBUG] Lag detected: 64.780065ms. Skipping 1 frame(s). (Current: 301, Next target: 303)
[2025-04-18 12:57:10 DEBUG] Lag detected: 63.506695ms. Skipping 1 frame(s). (Current: 303, Next target: 305)
[2025-04-18 12:57:10 DEBUG] Lag detected: 62.622325ms. Skipping 1 frame(s). (Current: 305, Next target: 307)
[2025-04-18 12:57:10 DEBUG] Lag detected: 56.628255ms. Skipping 1 frame(s). (Current: 307, Next target: 309)
[2025-04-18 12:57:10 DEBUG] Lag detected: 51.978685ms. Skipping 1 frame(s). (Current: 309, Next target: 311)
[2025-04-18 12:57:10 DEBUG] Lag detected: 47.573715ms. Skipping 1 frame(s). (Current: 311, Next target: 313)
[2025-04-18 12:57:10 DEBUG] Lag detected: 46.957045ms. Skipping 1 frame(s). (Current: 313, Next target: 315)
[2025-04-18 12:57:10 DEBUG] Lag detected: 40.330975ms. Skipping 1 frame(s). (Current: 315, Next target: 317)
[2025-04-18 12:57:10 DEBUG] Lag detected: 47.46827ms. Skipping 1 frame(s). (Current: 318, Next target: 320)
[2025-04-18 12:57:10 DEBUG] Lag detected: 34.297ms. Skipping 1 frame(s). (Current: 320, Next target: 322)
[2025-04-18 12:57:10 DEBUG] Lag detected: 42.853895ms. Skipping 1 frame(s). (Current: 323, Next target: 325)
[2025-04-18 12:57:10 DEBUG] Lag detected: 35.141925ms. Skipping 1 frame(s). (Current: 325, Next target: 327)
[2025-04-18 12:57:10 DEBUG] Lag detected: 52.22182ms. Skipping 1 frame(s). (Current: 328, Next target: 330)
[2025-04-18 12:57:10 DEBUG] Lag detected: 38.76525ms. Skipping 1 frame(s). (Current: 330, Next target: 332)
[2025-04-18 12:57:11 DEBUG] Lag detected: 59.119845ms. Skipping 1 frame(s). (Current: 333, Next target: 335)
[2025-04-18 12:57:11 DEBUG] Lag detected: 51.852475ms. Skipping 1 frame(s). (Current: 335, Next target: 337)
[2025-04-18 12:57:11 DEBUG] Lag detected: 50.540305ms. Skipping 1 frame(s). (Current: 337, Next target: 339)
[2025-04-18 12:57:11 DEBUG] Lag detected: 46.551935ms. Skipping 1 frame(s). (Current: 339, Next target: 341)
[2025-04-18 12:57:11 DEBUG] Lag detected: 44.876665ms. Skipping 1 frame(s). (Current: 341, Next target: 343)
[2025-04-18 12:57:11 DEBUG] Lag detected: 41.861095ms. Skipping 1 frame(s). (Current: 343, Next target: 345)
[2025-04-18 12:57:11 DEBUG] Lag detected: 37.595925ms. Skipping 1 frame(s). (Current: 345, Next target: 347)
[2025-04-18 12:57:11 DEBUG] Lag detected: 35.923955ms. Skipping 1 frame(s). (Current: 347, Next target: 349)
[2025-04-18 12:57:11 DEBUG] Lag detected: 50.63875ms. Skipping 1 frame(s). (Current: 350, Next target: 352)
[2025-04-18 12:57:11 DEBUG] Lag detected: 39.19858ms. Skipping 1 frame(s). (Current: 352, Next target: 354)
[2025-04-18 12:57:11 DEBUG] Lag detected: 38.67101ms. Skipping 1 frame(s). (Current: 354, Next target: 356)
[2025-04-18 12:57:11 DEBUG] Lag detected: 34.87284ms. Skipping 1 frame(s). (Current: 356, Next target: 358)
[2025-04-18 12:57:11 DEBUG] Lag detected: 48.223235ms. Skipping 1 frame(s). (Current: 359, Next target: 361)
[2025-04-18 12:57:11 DEBUG] Lag detected: 44.481465ms. Skipping 1 frame(s). (Current: 361, Next target: 363)
[2025-04-18 12:57:12 DEBUG] Lag detected: 56.61556ms. Skipping 1 frame(s). (Current: 364, Next target: 366)
[2025-04-18 12:57:12 DEBUG] Metrics stop signal sent.
[2025-04-18 12:57:12 INFO] Playback loop finished.
[2025-04-18 12:57:12 DEBUG] Metrics thread finished.
[2025-04-18 12:57:12 INFO] Playback finished successfully.
